[06:20:40] [ServerMain/INFO]: [bootstrap] Running Java 21 (OpenJDK 64-Bit Server VM 21.0.6+7-Ubuntu-120.04.1; Ubuntu null) on Linux 6.8.0-1026-azure (amd64)
[06:20:40] [ServerMain/INFO]: [bootstrap] Loading Paper 1.21-130-master@b1b5d4c (2024-08-10T10:02:42Z) for Minecraft 1.21
[06:20:41] [ServerMain/INFO]: [PluginInitializerManager] Initializing plugins...
[06:20:43] [ServerMain/INFO]: [PluginInitializerManager] Initialized 3 plugins
[06:20:43] [ServerMain/INFO]: [PluginInitializerManager] Bukkit plugins (3):
 - Geyser-Spigot (2.7.0-SNAPSHOT), ViaVersion (5.3.2), floodgate (2.2.4-SNAPSHOT (b116-0e3163c))
[06:20:51] [ServerMain/INFO]: Environment: Environment[sessionHost=https://sessionserver.mojang.com, servicesHost=https://api.minecraftservices.com, name=PROD]
[06:20:53] [ServerMain/INFO]: Loaded 1290 recipes
[06:20:53] [ServerMain/INFO]: Loaded 1399 advancements
[06:20:54] [Server thread/INFO]: Starting minecraft server version 1.21
[06:20:54] [Server thread/INFO]: Loading properties
[06:20:54] [Server thread/INFO]: This server is running Paper version 1.21-130-master@b1b5d4c (2024-08-10T10:02:42Z) (Implementing API version 1.21-R0.1-SNAPSHOT)
[06:20:55] [Server thread/INFO]: [spark] This server bundles the spark profiler. For more information please visit https://docs.papermc.io/paper/profiling
[06:20:55] [Server thread/INFO]: Server Ping Player Sample Count: 12
[06:20:55] [Server thread/INFO]: Using 4 threads for Netty based IO
[06:20:56] [Server thread/INFO]: [ChunkTaskScheduler] Chunk system is using 1 I/O threads, 1 worker threads, and population gen parallelism of 1 threads
[06:20:56] [Server thread/INFO]: Default game type: SURVIVAL
[06:20:56] [Server thread/INFO]: Generating keypair
[06:20:56] [Server thread/INFO]: Starting Minecraft server on *:25565
[06:20:57] [Server thread/INFO]: Using epoll channel type
[06:20:57] [Server thread/INFO]: Paper: Using libdeflate (Linux x86_64) compression from Velocity.
[06:20:57] [Server thread/INFO]: Paper: Using OpenSSL 1.1.x (Linux x86_64) cipher from Velocity.
[06:20:58] [Server thread/INFO]: [floodgate] Loading server plugin floodgate v2.2.4-SNAPSHOT (b116-0e3163c)
[06:21:01] [Server thread/WARN]: [floodgate] en_ is not a supported Floodgate language.
[06:21:01] [Server thread/INFO]: [floodgate] Took 3,229ms to boot Floodgate
[06:21:01] [Server thread/INFO]: [ViaVersion] Loading server plugin ViaVersion v5.3.2
[06:21:01] [Server thread/INFO]: [ViaVersion] ViaVersion 5.3.2 is now loaded. Registering protocol transformers and injecting...
[06:21:03] [Via-Mappingloader-0/INFO]: [ViaVersion] Loading block connection mappings ...
[06:21:03] [Via-Mappingloader-0/INFO]: [ViaVersion] Using FastUtil Long2ObjectOpenHashMap for block connections
[06:21:05] [Server thread/INFO]: [Geyser-Spigot] Loading server plugin Geyser-Spigot v2.7.0-SNAPSHOT
[06:21:07] [Server thread/INFO]: [Geyser-Spigot] Loading extensions...
[06:21:07] [Server thread/INFO]: [Geyser-Spigot] Loaded 0 extension(s)
[06:21:07] [Server thread/INFO]: Server permissions file permissions.yml is empty, ignoring it
[06:21:07] [Server thread/WARN]: **** SERVER IS RUNNING IN OFFLINE/INSECURE MODE!
[06:21:07] [Server thread/WARN]: The server will make no attempt to authenticate usernames. Beware.
[06:21:07] [Server thread/WARN]: While this makes the game possible to play without internet access, it also opens up the ability for hackers to connect with any username they choose.
[06:21:07] [Server thread/WARN]: To change this, set "online-mode" to "true" in the server.properties file.
[06:21:07] [Server thread/INFO]: Preparing level "world"
[06:21:08] [Server thread/INFO]: Preparing start region for dimension minecraft:overworld
[06:21:09] [Server thread/INFO]: Time elapsed: 1463 ms
[06:21:09] [Server thread/INFO]: Preparing start region for dimension minecraft:the_nether
[06:21:10] [Server thread/INFO]: Time elapsed: 269 ms
[06:21:10] [Server thread/INFO]: Preparing start region for dimension minecraft:the_end
[06:21:10] [Server thread/INFO]: Time elapsed: 202 ms
[06:21:10] [Server thread/INFO]: [floodgate] Enabling floodgate v2.2.4-SNAPSHOT (b116-0e3163c)
[06:21:11] [Server thread/INFO]: [ViaVersion] Enabling ViaVersion v5.3.2
[06:21:11] [Server thread/INFO]: [ViaVersion] ViaVersion detected server version: 1.21-1.21.1 (767)
[06:21:11] [Server thread/INFO]: [Geyser-Spigot] Enabling Geyser-Spigot v2.7.0-SNAPSHOT
[06:21:12] [Server thread/INFO]: [spark] Starting background profiler...
[06:21:13] [Server thread/INFO]: [Geyser-Spigot] ******************************************
[06:21:13] [Server thread/INFO]: [Geyser-Spigot] 
[06:21:13] [Server thread/INFO]: [Geyser-Spigot] Loading Geyser version 2.7.0-b816 (git-master-c5fd3d4)
[06:21:13] [Server thread/INFO]: [Geyser-Spigot] 
[06:21:13] [Server thread/INFO]: [Geyser-Spigot] ******************************************
[06:21:22] [Server thread/INFO]: [Geyser-Spigot] Started Geyser on UDP port 4069
[06:21:23] [Server thread/INFO]: [Geyser-Spigot] Done (9.889s)! Run /geyser help for help!
[06:21:23] [Server thread/INFO]: Done preparing level "world" (15.401s)
[06:21:23] [Server thread/INFO]: Running delayed init tasks
[06:21:23] [Server thread/INFO]: Done (43.893s)! For help, type "help"
[06:21:23] [Craft Scheduler Thread - 2 - ViaVersion/INFO]: [ViaVersion] Finished mapping loading, shutting down loader executor.
[06:21:23] [Server thread/INFO]: Timings Reset
